[2023-02-11T16:17:10.496] [WARN] prod - Se recibio una peticion GET a la ruta /favicon.ico
[2023-02-11T16:18:03.111] [WARN] prod - Se recibio una peticion GET a la ruta /img/favicon.webp
[2023-02-11T16:27:09.732] [WARN] prod - Se recibio una peticion GET a la ruta /favicon.ico
[2023-02-11T16:33:18.051] [ERROR] prod - CastError: Cast to ObjectId failed for value "1" (type string) at path "_id" for model "Products"
    at model.Query.exec (C:\Users\lery_\OneDrive\Desktop\PROYECTOFINAL\node_modules\mongoose\lib\query.js:4884:21)
    at Query.then (C:\Users\lery_\OneDrive\Desktop\PROYECTOFINAL\node_modules\mongoose\lib\query.js:4983:15)
    at process.processTicksAndRejections (node:internal/process/task_queues:95:5) {
  messageFormat: undefined,
  stringValue: '"1"',
  kind: 'ObjectId',
  value: '1',
  path: '_id',
  reason: BSONTypeError: Argument passed in must be a string of 12 bytes or a string of 24 hex characters or an integer
      at new BSONTypeError (C:\Users\lery_\OneDrive\Desktop\PROYECTOFINAL\node_modules\bson\lib\error.js:41:28)
      at new ObjectId (C:\Users\lery_\OneDrive\Desktop\PROYECTOFINAL\node_modules\bson\lib\objectid.js:67:23)
      at castObjectId (C:\Users\lery_\OneDrive\Desktop\PROYECTOFINAL\node_modules\mongoose\lib\cast\objectid.js:25:12)
      at ObjectId.cast (C:\Users\lery_\OneDrive\Desktop\PROYECTOFINAL\node_modules\mongoose\lib\schema\objectid.js:246:12)
      at SchemaType.applySetters (C:\Users\lery_\OneDrive\Desktop\PROYECTOFINAL\node_modules\mongoose\lib\schematype.js:1201:12)
      at SchemaType._castForQuery (C:\Users\lery_\OneDrive\Desktop\PROYECTOFINAL\node_modules\mongoose\lib\schematype.js:1648:15)
      at SchemaType.castForQuery (C:\Users\lery_\OneDrive\Desktop\PROYECTOFINAL\node_modules\mongoose\lib\schematype.js:1636:15)
      at SchemaType.castForQueryWrapper (C:\Users\lery_\OneDrive\Desktop\PROYECTOFINAL\node_modules\mongoose\lib\schematype.js:1612:20)
      at cast (C:\Users\lery_\OneDrive\Desktop\PROYECTOFINAL\node_modules\mongoose\lib\cast.js:347:32)
      at Query.cast (C:\Users\lery_\OneDrive\Desktop\PROYECTOFINAL\node_modules\mongoose\lib\query.js:5312:12),
  valueType: 'string'
}
[2023-02-11T16:37:29.996] [WARN] prod - Se recibio una peticion GET a la ruta /carritos
[2023-02-11T16:38:17.305] [ERROR] prod - MongoServerError: E11000 duplicate key error collection: test.carts index: email_1 dup key: { email: "leonelindurain95@gmail.com" }
    at C:\Users\lery_\OneDrive\Desktop\PROYECTOFINAL\node_modules\mongodb\lib\operations\insert.js:53:33
    at C:\Users\lery_\OneDrive\Desktop\PROYECTOFINAL\node_modules\mongodb\lib\cmap\connection_pool.js:299:25
    at C:\Users\lery_\OneDrive\Desktop\PROYECTOFINAL\node_modules\mongodb\lib\sdam\server.js:212:17
    at handleOperationResult (C:\Users\lery_\OneDrive\Desktop\PROYECTOFINAL\node_modules\mongodb\lib\sdam\server.js:284:20)
    at Connection.onMessage (C:\Users\lery_\OneDrive\Desktop\PROYECTOFINAL\node_modules\mongodb\lib\cmap\connection.js:219:9)
    at MessageStream.<anonymous> (C:\Users\lery_\OneDrive\Desktop\PROYECTOFINAL\node_modules\mongodb\lib\cmap\connection.js:60:60)
    at MessageStream.emit (node:events:513:28)
    at processIncomingData (C:\Users\lery_\OneDrive\Desktop\PROYECTOFINAL\node_modules\mongodb\lib\cmap\message_stream.js:132:20)
    at MessageStream._write (C:\Users\lery_\OneDrive\Desktop\PROYECTOFINAL\node_modules\mongodb\lib\cmap\message_stream.js:33:9)
    at writeOrBuffer (node:internal/streams/writable:392:12) {
  index: 0,
  code: 11000,
  keyPattern: { email: 1 },
  keyValue: { email: 'leonelindurain95@gmail.com' },
  [Symbol(errorLabels)]: Set(0) {}
}
[2023-02-11T16:39:14.875] [WARN] prod - Se recibio una peticion GET a la ruta /carts
[2023-02-11T16:56:30.268] [WARN] prod - Se recibio una peticion GET a la ruta /favicon.ico
[2023-02-11T17:06:02.471] [WARN] prod - Se recibio una peticion GET a la ruta /perfil
[2023-02-11T17:06:06.213] [WARN] prod - Se recibio una peticion GET a la ruta /profile
[2023-02-11T17:12:36.347] [WARN] prod - Se recibio una peticion GET a la ruta /favicon.ico
[2023-02-11T17:12:43.430] [WARN] prod - Se recibio una peticion GET a la ruta /profile
[2023-02-11T17:19:06.402] [WARN] prod - Se recibio una peticion GET a la ruta /favicon.ico
